<?xml version="1.0" encoding="UTF-8"?>
<!-- Generated by org.testng.reporters.JUnitReportReporter -->
<testsuite hostname="LAPTOP-3A2SBHVC" failures="0" tests="1" name="script.DemoTest2" time="10.051" errors="0" timestamp="2023-05-03T11:25:01 IST" skipped="0">
  <testcase classname="script.DemoTest2" name="demoTest1" time="10.051"/>
  <system-out>
    <![CDATA[Facebook â€“ log in or sign up]]>
  </system-out>
</testsuite> <!-- script.DemoTest2 -->
