<?xml version="1.0" encoding="UTF-8"?>
<!-- Generated by org.testng.reporters.JUnitReportReporter -->
<testsuite hostname="LAPTOP-3A2SBHVC" failures="0" tests="1" name="script.DemoTest" time="12.074" errors="0" timestamp="2023-05-04T11:35:19 IST" skipped="0">
  <testcase classname="script.DemoTest" name="demoTest1" time="12.074"/>
  <system-out>
    <![CDATA[test data:admin
Google]]>
  </system-out>
</testsuite> <!-- script.DemoTest -->
